-------------------------------------------------------------------------------
Test set: tn.esprit.spring.khaddem.controllers.EquipeRestControllerTest
-------------------------------------------------------------------------------
Tests run: 4, Failures: 0, Errors: 2, Skipped: 0, Time elapsed: 7.965 s <<< FAILURE! - in tn.esprit.spring.khaddem.controllers.EquipeRestControllerTest
testGetEquipes  Time elapsed: 0.012 s  <<< ERROR!
java.lang.IllegalStateException: Failed to load ApplicationContext
Caused by: org.springframework.beans.factory.BeanCreationException: Error creating bean with name 'projectingArgumentResolverBeanPostProcessor' defined in class path resource [org/springframework/data/web/config/ProjectingArgumentResolverRegistrar.class]: Bean instantiation via factory method failed; nested exception is org.springframework.beans.BeanInstantiationException: Failed to instantiate [org.springframework.data.web.config.ProjectingArgumentResolverRegistrar$ProjectingArgumentResolverBeanPostProcessor]: Factory method 'projectingArgumentResolverBeanPostProcessor' threw exception; nested exception is java.lang.NoClassDefFoundError: org/springframework/web/method/annotation/ModelAttributeMethodProcessor$FieldAwareConstructorParameter
Caused by: org.springframework.beans.BeanInstantiationException: Failed to instantiate [org.springframework.data.web.config.ProjectingArgumentResolverRegistrar$ProjectingArgumentResolverBeanPostProcessor]: Factory method 'projectingArgumentResolverBeanPostProcessor' threw exception; nested exception is java.lang.NoClassDefFoundError: org/springframework/web/method/annotation/ModelAttributeMethodProcessor$FieldAwareConstructorParameter
Caused by: java.lang.NoClassDefFoundError: org/springframework/web/method/annotation/ModelAttributeMethodProcessor$FieldAwareConstructorParameter
Caused by: java.lang.ClassNotFoundException: org.springframework.web.method.annotation.ModelAttributeMethodProcessor$FieldAwareConstructorParameter

testUpdateEquipe  Time elapsed: 0 s  <<< ERROR!
java.lang.IllegalStateException: Failed to load ApplicationContext
Caused by: org.springframework.beans.factory.BeanDefinitionStoreException: Failed to process import candidates for configuration class [tn.esprit.spring.khaddem.KhaddemApplication]; nested exception is java.io.EOFException
Caused by: java.io.EOFException

